{"D:\\projects\\calculator-testing-node\\calculator.js": {"path":"D:\\projects\\calculator-testing-node\\calculator.js","statementMap":{"0":{"start":{"line":2,"column":2},"end":{"line":5,"column":30}},"1":{"start":{"line":4,"column":16},"end":{"line":4,"column":27}},"2":{"start":{"line":5,"column":24},"end":{"line":5,"column":29}},"3":{"start":{"line":8,"column":0},"end":{"line":8,"column":18}}},"fnMap":{"0":{"name":"add","decl":{"start":{"line":1,"column":9},"end":{"line":1,"column":12}},"loc":{"start":{"line":1,"column":22},"end":{"line":6,"column":1}},"line":1},"1":{"name":"(anonymous_1)","decl":{"start":{"line":4,"column":11},"end":{"line":4,"column":12}},"loc":{"start":{"line":4,"column":16},"end":{"line":4,"column":27}},"line":4},"2":{"name":"(anonymous_2)","decl":{"start":{"line":5,"column":14},"end":{"line":5,"column":15}},"loc":{"start":{"line":5,"column":24},"end":{"line":5,"column":29}},"line":5}},"branchMap":{},"s":{"0":4,"1":10,"2":6,"3":1},"f":{"0":4,"1":10,"2":6},"b":{},"_coverageSchema":"1a1c01bbd47fc00a2c39e90264f33305004495a9","hash":"0f7d26fec189500c51870f3011ed33f97287bbc1"}
}
